/Users/piotrkwiatkowski/Library/Python/3.9/lib/python/site-packages/urllib3/__init__.py:35: NotOpenSSLWarning: urllib3 v2 only supports OpenSSL 1.1.1+, currently the 'ssl' module is compiled with 'LibreSSL 2.8.3'. See: https://github.com/urllib3/urllib3/issues/3020
  warnings.warn(
INFO:     Started server process [31216]
INFO:     Waiting for application startup.
INFO:     Application startup complete.
INFO:     Uvicorn running on http://127.0.0.1:8000 (Press CTRL+C to quit)
INFO:     127.0.0.1:64072 - "GET / HTTP/1.1" 200 OK
INFO:     127.0.0.1:64072 - "GET /api/makes HTTP/1.1" 200 OK
Searching for  Loading......
Scraping page 1... URL: https://www.otomoto.pl/osobowe//Loading.../od-2015
[Scraper] Scraping page 1...
Error fetching data on page 1: 403 Client Error: Forbidden for url: https://www.otomoto.pl/osobowe//Loading.../od-2015?search%5Bfilter_float_year%3Ato%5D=2024&search%5Bfilter_enum_fuel_type%5D=diesel&page=1
INFO:     127.0.0.1:64073 - "POST /api/listings HTTP/1.1" 200 OK
INFO:     127.0.0.1:64180 - "GET /api/models/bmw HTTP/1.1" 200 OK
INFO:     127.0.0.1:64180 - "GET /api/generations/bmw/seria-3 HTTP/1.1" 200 OK
Searching for bmw seria-3...
Scraping page 1... URL: https://www.otomoto.pl/osobowe/bmw/seria-3/od-2015
[Scraper] Scraping page 1...
DEBUG: Found 32 articles on page 1
Scraping page 2... URL: https://www.otomoto.pl/osobowe/bmw/seria-3/od-2015
[Scraper] Scraping page 2...
DEBUG: Found 32 articles on page 2
INFO:     127.0.0.1:64196 - "POST /api/listings HTTP/1.1" 200 OK
Searching for bmw seria-3...
Scraping page 1... URL: https://www.otomoto.pl/osobowe/bmw/seria-3/od-2018
[Scraper] Scraping page 1...
DEBUG: Found 32 articles on page 1
Scraping page 2... URL: https://www.otomoto.pl/osobowe/bmw/seria-3/od-2018
[Scraper] Scraping page 2...
DEBUG: Found 32 articles on page 2
Scraping page 3... URL: https://www.otomoto.pl/osobowe/bmw/seria-3/od-2018
[Scraper] Scraping page 3...
DEBUG: Found 32 articles on page 3
Scraping page 4... URL: https://www.otomoto.pl/osobowe/bmw/seria-3/od-2018
[Scraper] Scraping page 4...
DEBUG: Found 32 articles on page 4
Scraping page 5... URL: https://www.otomoto.pl/osobowe/bmw/seria-3/od-2018
[Scraper] Scraping page 5...
DEBUG: Found 32 articles on page 5
INFO:     127.0.0.1:64392 - "POST /api/listings HTTP/1.1" 200 OK
INFO:     127.0.0.1:64433 - "GET /api/models/kia HTTP/1.1" 200 OK
INFO:     127.0.0.1:64433 - "GET /api/generations/kia/sportage HTTP/1.1" 200 OK
Searching for kia sportage...
Scraping page 1... URL: https://www.otomoto.pl/osobowe/kia/sportage/gen-iv-2016-sportage/od-2017
[Scraper] Scraping page 1...
DEBUG: Found 32 articles on page 1
Scraping page 2... URL: https://www.otomoto.pl/osobowe/kia/sportage/gen-iv-2016-sportage/od-2017
[Scraper] Scraping page 2...
DEBUG: Found 32 articles on page 2
Scraping page 3... URL: https://www.otomoto.pl/osobowe/kia/sportage/gen-iv-2016-sportage/od-2017
[Scraper] Scraping page 3...
DEBUG: Found 32 articles on page 3
Scraping page 4... URL: https://www.otomoto.pl/osobowe/kia/sportage/gen-iv-2016-sportage/od-2017
[Scraper] Scraping page 4...
DEBUG: Found 32 articles on page 4
Scraping page 5... URL: https://www.otomoto.pl/osobowe/kia/sportage/gen-iv-2016-sportage/od-2017
[Scraper] Scraping page 5...
DEBUG: Found 32 articles on page 5
INFO:     127.0.0.1:64899 - "POST /api/listings HTTP/1.1" 200 OK
Searching for kia sportage...
Scraping page 1... URL: https://www.otomoto.pl/osobowe/kia/sportage/gen-iv-2016-sportage/od-2018
[Scraper] Scraping page 1...
DEBUG: Found 32 articles on page 1
Scraping page 2... URL: https://www.otomoto.pl/osobowe/kia/sportage/gen-iv-2016-sportage/od-2018
[Scraper] Scraping page 2...
DEBUG: Found 32 articles on page 2
Scraping page 3... URL: https://www.otomoto.pl/osobowe/kia/sportage/gen-iv-2016-sportage/od-2018
[Scraper] Scraping page 3...
DEBUG: Found 32 articles on page 3
Scraping page 4... URL: https://www.otomoto.pl/osobowe/kia/sportage/gen-iv-2016-sportage/od-2018
[Scraper] Scraping page 4...
DEBUG: Found 32 articles on page 4
Scraping page 5... URL: https://www.otomoto.pl/osobowe/kia/sportage/gen-iv-2016-sportage/od-2018
[Scraper] Scraping page 5...
DEBUG: Found 32 articles on page 5
INFO:     127.0.0.1:64978 - "POST /api/listings HTTP/1.1" 200 OK
INFO:     Shutting down
INFO:     Waiting for application shutdown.
INFO:     Application shutdown complete.
INFO:     Finished server process [31216]
